Using pre-set license
Built from '2020.3/staging' branch; Version is '2020.3.13f1 (71691879b7f5) revision 7432472'; Using compiler version '192528614'; Build Type 'Release'
OS: 'Windows 10 Home; OS build 19043.1348; Version 2009; 64bit' Language: 'en' Physical Memory: 16234 MB
BatchMode: 1, IsHumanControllingUs: 0, StartBugReporterOnCrash: 0, Is64bit: 1, IsPro: 0

 COMMAND LINE ARGUMENTS:
C:\Program Files (x86)\Unity\Hub\Editor\2020.3.13f1\Editor\Unity.exe
-adb2
-batchMode
-noUpm
-name
AssetImportWorker0
-projectPath
C:/Users/aidan/Desktop/C292 Assignments/Blast-em-By/Blast em By
-logFile
Logs/AssetImportWorker0.log
-srvPort
63075
Successfully changed project path to: C:/Users/aidan/Desktop/C292 Assignments/Blast-em-By/Blast em By
C:/Users/aidan/Desktop/C292 Assignments/Blast-em-By/Blast em By
Using Asset Import Pipeline V2.
Refreshing native plugins compatible for Editor in 48.62 ms, found 3 plugins.
Preloading 0 native plugins for Editor in 0.00 ms.
Initialize engine version: 2020.3.13f1 (71691879b7f5)
[Subsystems] Discovering subsystems at path C:/Program Files (x86)/Unity/Hub/Editor/2020.3.13f1/Editor/Data/Resources/UnitySubsystems
[Subsystems] Discovering subsystems at path C:/Users/aidan/Desktop/C292 Assignments/Blast-em-By/Blast em By/Assets
GfxDevice: creating device client; threaded=0
Direct3D:
    Version:  Direct3D 11.0 [level 11.1]
    Renderer: NVIDIA GeForce GTX 1060 (ID=0x1c20)
    Vendor:   
    VRAM:     6052 MB
    Driver:   27.21.14.5167
Initialize mono
Mono path[0] = 'C:/Program Files (x86)/Unity/Hub/Editor/2020.3.13f1/Editor/Data/Managed'
Mono path[1] = 'C:/Program Files (x86)/Unity/Hub/Editor/2020.3.13f1/Editor/Data/MonoBleedingEdge/lib/mono/unityjit'
Mono config path = 'C:/Program Files (x86)/Unity/Hub/Editor/2020.3.13f1/Editor/Data/MonoBleedingEdge/etc'
Using monoOptions --debugger-agent=transport=dt_socket,embedding=1,server=y,suspend=n,address=127.0.0.1:56908
Begin MonoManager ReloadAssembly
Registering precompiled unity dll's ...
Register platform support module: C:/Program Files (x86)/Unity/Hub/Editor/2020.3.13f1/Editor/Data/PlaybackEngines/WebGLSupport/UnityEditor.WebGL.Extensions.dll
Register platform support module: C:/Program Files (x86)/Unity/Hub/Editor/2020.3.13f1/Editor/Data/PlaybackEngines/WindowsStandaloneSupport/UnityEditor.WindowsStandalone.Extensions.dll
Registered in 0.003366 seconds.
Native extension for WindowsStandalone target not found
Native extension for WebGL target not found
Refreshing native plugins compatible for Editor in 51.80 ms, found 3 plugins.
Preloading 0 native plugins for Editor in 0.00 ms.
Mono: successfully reloaded assembly
- Completed reload, in  1.644 seconds
Platform modules already initialized, skipping
Registering precompiled user dll's ...
Registered in 0.007720 seconds.
Begin MonoManager ReloadAssembly
Native extension for WindowsStandalone target not found
Native extension for WebGL target not found
Refreshing native plugins compatible for Editor in 56.56 ms, found 3 plugins.
Preloading 0 native plugins for Editor in 0.00 ms.
Mono: successfully reloaded assembly
- Completed reload, in  1.831 seconds
Platform modules already initialized, skipping
========================================================================
Worker process is ready to serve import requests
Launched and connected shader compiler UnityShaderCompiler.exe after 0.09 seconds
Refreshing native plugins compatible for Editor in 1.88 ms, found 3 plugins.
Preloading 0 native plugins for Editor in 0.00 ms.
Unloading 2087 Unused Serialized files (Serialized files now loaded: 0)
System memory in use before: 93.0 MB.
System memory in use after: 93.0 MB.

Unloading 33 unused Assets to reduce memory usage. Loaded Objects now: 2521.
Total: 4.962300 ms (FindLiveObjects: 0.497300 ms CreateObjectMapping: 0.328200 ms MarkObjects: 3.879800 ms  DeleteObjects: 0.254100 ms)

AssetImportParameters requested are different than current active one (requested -> active):
  custom:framework-win-MediaFoundation: 216162199b28c13a410421893ffa2e32 -> 
  custom:video-decoder-ogg-theora: a1e56fd34408186e4bbccfd4996cb3dc -> 
  custom:container-muxer-webm: aa71ff27fc2769a1b78a27578f13a17b -> 
  custom:container-demuxer-webm: 4f35f7cbe854078d1ac9338744f61a02 -> 
  custom:container-demuxer-ogg: 62fdf1f143b41e24485cea50d1cbac27 -> 
  custom:video-encoder-webm-vp8: eb34c28f22e8b96e1ab97ce403110664 -> 
  custom:video-codec-MediaFoundation-h265: 746d11721c4dcdbdad8f713fa42b33f4 -> 
  custom:video-decoder-webm-vp8: 9c59270c3fd7afecdb556c50c9e8de78 -> 
  custom:audio-decoder-ogg-vorbis: bf7c407c2cedff20999df2af8eb42d56 -> 
  custom:audio-encoder-webm-vorbis: bf7c407c2cedff20999df2af8eb42d56 -> 
========================================================================
Received Import Request.
  path: Assets/Scripts/Enemy.cs
  artifactKey: Guid(991d059bae9b74246bd1bb6f662abe5f) Importer(815301076,1909f56bfc062723c751e8b465ee728b)
Start importing Assets/Scripts/Enemy.cs using Guid(991d059bae9b74246bd1bb6f662abe5f) Importer(815301076,1909f56bfc062723c751e8b465ee728b)  -> (artifact id: '23f87b0cd5ba6fc2245001be40469ae3') in 0.071160 seconds 
  Import took 0.076043 seconds .

========================================================================
Received Import Request.
  Time since last request: 97.380276 seconds.
  path: Assets/Scripts/Player.cs
  artifactKey: Guid(da662409d8b37da4dadecf9137207b28) Importer(815301076,1909f56bfc062723c751e8b465ee728b)
Start importing Assets/Scripts/Player.cs using Guid(da662409d8b37da4dadecf9137207b28) Importer(815301076,1909f56bfc062723c751e8b465ee728b)  -> (artifact id: '06cd2b2ef1d2c4228c38f345f59d06fd') in 0.009122 seconds 
  Import took 0.012696 seconds .

========================================================================
Received Import Request.
  Time since last request: 0.022997 seconds.
  path: Assets/Scripts/Player.cs
  artifactKey: Guid(da662409d8b37da4dadecf9137207b28) Importer(815301076,1909f56bfc062723c751e8b465ee728b)
Start importing Assets/Scripts/Player.cs using Guid(da662409d8b37da4dadecf9137207b28) Importer(815301076,1909f56bfc062723c751e8b465ee728b)  -> (artifact id: '06cd2b2ef1d2c4228c38f345f59d06fd') in 0.003732 seconds 
  Import took 0.007252 seconds .

========================================================================
Received Prepare
Registering precompiled user dll's ...
Registered in 0.006028 seconds.
Begin MonoManager ReloadAssembly
Native extension for WindowsStandalone target not found
Native extension for WebGL target not found
Refreshing native plugins compatible for Editor in 0.45 ms, found 3 plugins.
Preloading 0 native plugins for Editor in 0.00 ms.
Mono: successfully reloaded assembly
- Completed reload, in  1.084 seconds
Platform modules already initialized, skipping
Refreshing native plugins compatible for Editor in 0.46 ms, found 3 plugins.
Preloading 0 native plugins for Editor in 0.00 ms.
Unloading 2082 Unused Serialized files (Serialized files now loaded: 0)
System memory in use before: 93.0 MB.
System memory in use after: 93.0 MB.

Unloading 21 unused Assets to reduce memory usage. Loaded Objects now: 2525.
Total: 2.732000 ms (FindLiveObjects: 0.166000 ms CreateObjectMapping: 0.064500 ms MarkObjects: 2.397100 ms  DeleteObjects: 0.103600 ms)

AssetImportParameters requested are different than current active one (requested -> active):
  custom:framework-win-MediaFoundation: 216162199b28c13a410421893ffa2e32 -> 
  custom:video-decoder-ogg-theora: a1e56fd34408186e4bbccfd4996cb3dc -> 
  custom:container-muxer-webm: aa71ff27fc2769a1b78a27578f13a17b -> 
  custom:container-demuxer-webm: 4f35f7cbe854078d1ac9338744f61a02 -> 
  custom:container-demuxer-ogg: 62fdf1f143b41e24485cea50d1cbac27 -> 
  custom:video-encoder-webm-vp8: eb34c28f22e8b96e1ab97ce403110664 -> 
  custom:video-codec-MediaFoundation-h265: 746d11721c4dcdbdad8f713fa42b33f4 -> 
  custom:video-decoder-webm-vp8: 9c59270c3fd7afecdb556c50c9e8de78 -> 
  custom:audio-decoder-ogg-vorbis: bf7c407c2cedff20999df2af8eb42d56 -> 
  custom:audio-encoder-webm-vorbis: bf7c407c2cedff20999df2af8eb42d56 -> 
========================================================================
Received Import Request.
  Time since last request: 144.443016 seconds.
  path: Assets/Prefabs/Laser.prefab
  artifactKey: Guid(f71c975a09f18d3429d602c6350a840b) Importer(815301076,1909f56bfc062723c751e8b465ee728b)
Start importing Assets/Prefabs/Laser.prefab using Guid(f71c975a09f18d3429d602c6350a840b) Importer(815301076,1909f56bfc062723c751e8b465ee728b)  -> (artifact id: 'def8c276a24a46c8654cca521514a758') in 0.093070 seconds 
  Import took 0.096648 seconds .

========================================================================
Received Import Request.
  Time since last request: 35.772774 seconds.
  path: Assets/spaceshooter/Backgrounds/black.png
  artifactKey: Guid(24e23b1569258954595f192a2fd014e1) Importer(815301076,1909f56bfc062723c751e8b465ee728b)
Start importing Assets/spaceshooter/Backgrounds/black.png using Guid(24e23b1569258954595f192a2fd014e1) Importer(815301076,1909f56bfc062723c751e8b465ee728b)  -> (artifact id: 'f9ddb8944f2887e6ac88d65f0e1eb654') in 0.051614 seconds 
  Import took 0.055663 seconds .

========================================================================
Received Import Request.
  Time since last request: 17.013510 seconds.
  path: Assets/spaceshooter/Backgrounds/blue.png
  artifactKey: Guid(6b64c7e7995d44a41b89cfa3229b8d08) Importer(815301076,1909f56bfc062723c751e8b465ee728b)
Start importing Assets/spaceshooter/Backgrounds/blue.png using Guid(6b64c7e7995d44a41b89cfa3229b8d08) Importer(815301076,1909f56bfc062723c751e8b465ee728b)  -> (artifact id: 'dc120d3c4b679d5b6f06578b7f8fd627') in 0.026944 seconds 
  Import took 0.031781 seconds .

========================================================================
Received Import Request.
  Time since last request: 0.003935 seconds.
  path: Assets/spaceshooter/Backgrounds/blue.png
  artifactKey: Guid(6b64c7e7995d44a41b89cfa3229b8d08) Importer(815301076,1909f56bfc062723c751e8b465ee728b)
Start importing Assets/spaceshooter/Backgrounds/blue.png using Guid(6b64c7e7995d44a41b89cfa3229b8d08) Importer(815301076,1909f56bfc062723c751e8b465ee728b)  -> (artifact id: 'dc120d3c4b679d5b6f06578b7f8fd627') in 0.011040 seconds 
  Import took 0.016306 seconds .

========================================================================
Received Import Request.
  Time since last request: 2.399371 seconds.
  path: Assets/spaceshooter/Backgrounds/darkPurple.png
  artifactKey: Guid(7637b44156ac97c4a8ae459cf9a8b9cb) Importer(815301076,1909f56bfc062723c751e8b465ee728b)
Start importing Assets/spaceshooter/Backgrounds/darkPurple.png using Guid(7637b44156ac97c4a8ae459cf9a8b9cb) Importer(815301076,1909f56bfc062723c751e8b465ee728b)  -> (artifact id: '43c795f1167e83e6f4902cdca8d5bdab') in 0.022981 seconds 
  Import took 0.027419 seconds .

========================================================================
Received Import Request.
  Time since last request: 0.000879 seconds.
  path: Assets/spaceshooter/Backgrounds/darkPurple.png
  artifactKey: Guid(7637b44156ac97c4a8ae459cf9a8b9cb) Importer(815301076,1909f56bfc062723c751e8b465ee728b)
Start importing Assets/spaceshooter/Backgrounds/darkPurple.png using Guid(7637b44156ac97c4a8ae459cf9a8b9cb) Importer(815301076,1909f56bfc062723c751e8b465ee728b)  -> (artifact id: '43c795f1167e83e6f4902cdca8d5bdab') in 0.010915 seconds 
  Import took 0.014961 seconds .

========================================================================
Received Import Request.
  Time since last request: 4.471148 seconds.
  path: Assets/spaceshooter/PNG/Effects/fire00.png
  artifactKey: Guid(8cfa147f55d439647aad72ae6b9f3fa5) Importer(815301076,1909f56bfc062723c751e8b465ee728b)
Start importing Assets/spaceshooter/PNG/Effects/fire00.png using Guid(8cfa147f55d439647aad72ae6b9f3fa5) Importer(815301076,1909f56bfc062723c751e8b465ee728b)  -> (artifact id: '0821a82c66255c5081dd0db8764dad26') in 0.024688 seconds 
  Import took 0.029142 seconds .

========================================================================
Received Import Request.
  Time since last request: 0.000319 seconds.
  path: Assets/spaceshooter/PNG/Effects/fire01.png
  artifactKey: Guid(9dc374b7bd012914eab5f6740686d081) Importer(815301076,1909f56bfc062723c751e8b465ee728b)
Start importing Assets/spaceshooter/PNG/Effects/fire01.png using Guid(9dc374b7bd012914eab5f6740686d081) Importer(815301076,1909f56bfc062723c751e8b465ee728b)  -> (artifact id: '6c32f9aede03fced1c49f661bdbc49b1') in 0.026320 seconds 
  Import took 0.029849 seconds .

========================================================================
Received Import Request.
  Time since last request: 0.000309 seconds.
  path: Assets/spaceshooter/PNG/Effects/fire03.png
  artifactKey: Guid(6b1727cbf63160f42a22d509fdba0b44) Importer(815301076,1909f56bfc062723c751e8b465ee728b)
Start importing Assets/spaceshooter/PNG/Effects/fire03.png using Guid(6b1727cbf63160f42a22d509fdba0b44) Importer(815301076,1909f56bfc062723c751e8b465ee728b)  -> (artifact id: '703f09a090f33abd6bf6e050a69574d9') in 0.025411 seconds 
  Import took 0.030087 seconds .

========================================================================
Received Import Request.
  Time since last request: 0.000260 seconds.
  path: Assets/spaceshooter/PNG/Effects/fire02.png
  artifactKey: Guid(a8d661571536d324ebb18bba861a5048) Importer(815301076,1909f56bfc062723c751e8b465ee728b)
Start importing Assets/spaceshooter/PNG/Effects/fire02.png using Guid(a8d661571536d324ebb18bba861a5048) Importer(815301076,1909f56bfc062723c751e8b465ee728b)  -> (artifact id: 'b313862fe243f7f1206b2872b23cbd88') in 0.026193 seconds 
  Import took 0.030001 seconds .

========================================================================
Received Import Request.
  Time since last request: 0.000267 seconds.
  path: Assets/spaceshooter/PNG/Effects/fire07.png
  artifactKey: Guid(f1d961ed404392c4a9be187d4d8d96c5) Importer(815301076,1909f56bfc062723c751e8b465ee728b)
Start importing Assets/spaceshooter/PNG/Effects/fire07.png using Guid(f1d961ed404392c4a9be187d4d8d96c5) Importer(815301076,1909f56bfc062723c751e8b465ee728b)  -> (artifact id: 'e487ae99be14bc12d37a0548ade69cbd') in 0.024441 seconds 
  Import took 0.028818 seconds .

========================================================================
Received Import Request.
  Time since last request: 0.000337 seconds.
  path: Assets/spaceshooter/PNG/Effects/fire08.png
  artifactKey: Guid(e6c532b1705ba3b45821bb12e4549d54) Importer(815301076,1909f56bfc062723c751e8b465ee728b)
Start importing Assets/spaceshooter/PNG/Effects/fire08.png using Guid(e6c532b1705ba3b45821bb12e4549d54) Importer(815301076,1909f56bfc062723c751e8b465ee728b)  -> (artifact id: 'e7f4233210fc59f921b3bbed0e22b7b0') in 0.022245 seconds 
  Import took 0.026958 seconds .

========================================================================
Received Import Request.
  Time since last request: 0.000287 seconds.
  path: Assets/spaceshooter/PNG/Effects/fire12.png
  artifactKey: Guid(d200054b33683e544bbd6e1d6836f5ec) Importer(815301076,1909f56bfc062723c751e8b465ee728b)
Start importing Assets/spaceshooter/PNG/Effects/fire12.png using Guid(d200054b33683e544bbd6e1d6836f5ec) Importer(815301076,1909f56bfc062723c751e8b465ee728b)  -> (artifact id: '6cb5967cc61f78dd7cb3e46fadaf0b86') in 0.024224 seconds 
  Import took 0.028177 seconds .

========================================================================
Received Import Request.
  Time since last request: 0.000269 seconds.
  path: Assets/spaceshooter/PNG/Effects/fire06.png
  artifactKey: Guid(57daf337408c48246a15d9b3b05dda53) Importer(815301076,1909f56bfc062723c751e8b465ee728b)
Start importing Assets/spaceshooter/PNG/Effects/fire06.png using Guid(57daf337408c48246a15d9b3b05dda53) Importer(815301076,1909f56bfc062723c751e8b465ee728b)  -> (artifact id: '4d56ec8c0a03458ee07cf25020d24e37') in 0.022976 seconds 
  Import took 0.027401 seconds .

========================================================================
Received Import Request.
  Time since last request: 0.000270 seconds.
  path: Assets/spaceshooter/PNG/Effects/fire14.png
  artifactKey: Guid(2f0a2b2bf0b686a4599b3c855571122b) Importer(815301076,1909f56bfc062723c751e8b465ee728b)
Start importing Assets/spaceshooter/PNG/Effects/fire14.png using Guid(2f0a2b2bf0b686a4599b3c855571122b) Importer(815301076,1909f56bfc062723c751e8b465ee728b)  -> (artifact id: '21723fd8a087855ec4ea24ba92f022df') in 0.028904 seconds 
  Import took 0.033673 seconds .

========================================================================
Received Import Request.
  Time since last request: 0.000298 seconds.
  path: Assets/spaceshooter/PNG/Effects/fire15.png
  artifactKey: Guid(41eec4e5606e24b488c1070aeabe1f6c) Importer(815301076,1909f56bfc062723c751e8b465ee728b)
Start importing Assets/spaceshooter/PNG/Effects/fire15.png using Guid(41eec4e5606e24b488c1070aeabe1f6c) Importer(815301076,1909f56bfc062723c751e8b465ee728b)  -> (artifact id: 'da04a6d8c32f8b708b23dd4795c56427') in 0.023905 seconds 
  Import took 0.028200 seconds .

========================================================================
Received Import Request.
  Time since last request: 0.000288 seconds.
  path: Assets/spaceshooter/PNG/Effects/fire18.png
  artifactKey: Guid(7f372e43e016928418f8e2419f3e53ca) Importer(815301076,1909f56bfc062723c751e8b465ee728b)
Start importing Assets/spaceshooter/PNG/Effects/fire18.png using Guid(7f372e43e016928418f8e2419f3e53ca) Importer(815301076,1909f56bfc062723c751e8b465ee728b)  -> (artifact id: '138923504480cbf070506978c6487d3b') in 0.024066 seconds 
  Import took 0.028786 seconds .

========================================================================
Received Import Request.
  Time since last request: 0.000512 seconds.
  path: Assets/spaceshooter/PNG/Effects/fire17.png
  artifactKey: Guid(7e3c357576d2d2d43b4817961066f92f) Importer(815301076,1909f56bfc062723c751e8b465ee728b)
Start importing Assets/spaceshooter/PNG/Effects/fire17.png using Guid(7e3c357576d2d2d43b4817961066f92f) Importer(815301076,1909f56bfc062723c751e8b465ee728b)  -> (artifact id: 'ecbfad4704cb1d5400f5b26bd4a19c00') in 0.023897 seconds 
  Import took 0.028437 seconds .

========================================================================
Received Import Request.
  Time since last request: 0.000310 seconds.
  path: Assets/spaceshooter/PNG/Effects/fire13.png
  artifactKey: Guid(3f8ba07c555e5724b852ca5930fc1d80) Importer(815301076,1909f56bfc062723c751e8b465ee728b)
Start importing Assets/spaceshooter/PNG/Effects/fire13.png using Guid(3f8ba07c555e5724b852ca5930fc1d80) Importer(815301076,1909f56bfc062723c751e8b465ee728b)  -> (artifact id: '0a04217bf0354bc39f800966eb0e7483') in 0.023689 seconds 
  Import took 0.027948 seconds .

========================================================================
Received Import Request.
  Time since last request: 0.000209 seconds.
  path: Assets/spaceshooter/PNG/Effects/fire09.png
  artifactKey: Guid(f5c33b64a963d2f4da787865fb4b49ab) Importer(815301076,1909f56bfc062723c751e8b465ee728b)
Start importing Assets/spaceshooter/PNG/Effects/fire09.png using Guid(f5c33b64a963d2f4da787865fb4b49ab) Importer(815301076,1909f56bfc062723c751e8b465ee728b)  -> (artifact id: '2ee7cb36c9d126e87d0a10c1519936b9') in 0.023332 seconds 
  Import took 0.027631 seconds .

========================================================================
Received Import Request.
  Time since last request: 0.000272 seconds.
  path: Assets/spaceshooter/PNG/Effects/fire10.png
  artifactKey: Guid(6ceec27f06c393c42a9022c31cd0f5dd) Importer(815301076,1909f56bfc062723c751e8b465ee728b)
Start importing Assets/spaceshooter/PNG/Effects/fire10.png using Guid(6ceec27f06c393c42a9022c31cd0f5dd) Importer(815301076,1909f56bfc062723c751e8b465ee728b)  -> (artifact id: '9a8ffd89ab6346a7024fa1d529d787cb') in 0.025621 seconds 
  Import took 0.029546 seconds .

========================================================================
Received Import Request.
  Time since last request: 0.000412 seconds.
  path: Assets/spaceshooter/PNG/Effects/fire11.png
  artifactKey: Guid(603dc739bbd3bfd4084fb2aa73707505) Importer(815301076,1909f56bfc062723c751e8b465ee728b)
Start importing Assets/spaceshooter/PNG/Effects/fire11.png using Guid(603dc739bbd3bfd4084fb2aa73707505) Importer(815301076,1909f56bfc062723c751e8b465ee728b)  -> (artifact id: '934ecd15a78bbe1b50aaec67181effe4') in 0.050657 seconds 
  Import took 0.056341 seconds .

========================================================================
Received Import Request.
  Time since last request: 0.000332 seconds.
  path: Assets/spaceshooter/PNG/Effects/fire05.png
  artifactKey: Guid(52247389bde7e9a4f8284a782500a4a5) Importer(815301076,1909f56bfc062723c751e8b465ee728b)
Start importing Assets/spaceshooter/PNG/Effects/fire05.png using Guid(52247389bde7e9a4f8284a782500a4a5) Importer(815301076,1909f56bfc062723c751e8b465ee728b)  -> (artifact id: 'bae5d6000a22c32be11f56b351054239') in 0.031703 seconds 
  Import took 0.038817 seconds .

========================================================================
Received Import Request.
  Time since last request: 0.000372 seconds.
  path: Assets/spaceshooter/PNG/Effects/fire04.png
  artifactKey: Guid(2ec589d7e5da1ce40b2076142a5b4c96) Importer(815301076,1909f56bfc062723c751e8b465ee728b)
Start importing Assets/spaceshooter/PNG/Effects/fire04.png using Guid(2ec589d7e5da1ce40b2076142a5b4c96) Importer(815301076,1909f56bfc062723c751e8b465ee728b)  -> (artifact id: 'c636972b10caaf4557a712b1e1a651d2') in 0.026843 seconds 
  Import took 0.031658 seconds .

========================================================================
Received Import Request.
  Time since last request: 0.000305 seconds.
  path: Assets/spaceshooter/PNG/Effects/fire16.png
  artifactKey: Guid(411e1b3cc80bfc24a9613ef8e813f312) Importer(815301076,1909f56bfc062723c751e8b465ee728b)
Start importing Assets/spaceshooter/PNG/Effects/fire16.png using Guid(411e1b3cc80bfc24a9613ef8e813f312) Importer(815301076,1909f56bfc062723c751e8b465ee728b)  -> (artifact id: 'abea8f0e634db913597d3b5112d5f821') in 0.028253 seconds 
  Import took 0.032240 seconds .

========================================================================
Received Import Request.
  Time since last request: 0.240656 seconds.
  path: Assets/spaceshooter/PNG/Effects/fire19.png
  artifactKey: Guid(58a16d5fb0cd4e4469b1ed718aa53229) Importer(815301076,1909f56bfc062723c751e8b465ee728b)
Start importing Assets/spaceshooter/PNG/Effects/fire19.png using Guid(58a16d5fb0cd4e4469b1ed718aa53229) Importer(815301076,1909f56bfc062723c751e8b465ee728b)  -> (artifact id: '2a7e8a176cbe45c24b5910e5ba70de59') in 0.023515 seconds 
  Import took 0.028163 seconds .

========================================================================
Received Import Request.
  Time since last request: 0.004079 seconds.
  path: Assets/spaceshooter/PNG/Effects/fire19.png
  artifactKey: Guid(58a16d5fb0cd4e4469b1ed718aa53229) Importer(815301076,1909f56bfc062723c751e8b465ee728b)
Start importing Assets/spaceshooter/PNG/Effects/fire19.png using Guid(58a16d5fb0cd4e4469b1ed718aa53229) Importer(815301076,1909f56bfc062723c751e8b465ee728b)  -> (artifact id: '2a7e8a176cbe45c24b5910e5ba70de59') in 0.010970 seconds 
  Import took 0.015324 seconds .

========================================================================
Received Prepare
Registering precompiled user dll's ...
Registered in 0.005841 seconds.
Begin MonoManager ReloadAssembly
Native extension for WindowsStandalone target not found
Native extension for WebGL target not found
Refreshing native plugins compatible for Editor in 0.45 ms, found 3 plugins.
Preloading 0 native plugins for Editor in 0.00 ms.
Mono: successfully reloaded assembly
- Completed reload, in  1.033 seconds
Platform modules already initialized, skipping
Refreshing native plugins compatible for Editor in 0.48 ms, found 3 plugins.
Preloading 0 native plugins for Editor in 0.00 ms.
Unloading 2083 Unused Serialized files (Serialized files now loaded: 0)
System memory in use before: 96.1 MB.
System memory in use after: 96.0 MB.

Unloading 21 unused Assets to reduce memory usage. Loaded Objects now: 2549.
Total: 2.361100 ms (FindLiveObjects: 0.216700 ms CreateObjectMapping: 0.075100 ms MarkObjects: 1.970500 ms  DeleteObjects: 0.097400 ms)

AssetImportParameters requested are different than current active one (requested -> active):
  custom:framework-win-MediaFoundation: 216162199b28c13a410421893ffa2e32 -> 
  custom:video-decoder-ogg-theora: a1e56fd34408186e4bbccfd4996cb3dc -> 
  custom:container-muxer-webm: aa71ff27fc2769a1b78a27578f13a17b -> 
  custom:container-demuxer-webm: 4f35f7cbe854078d1ac9338744f61a02 -> 
  custom:container-demuxer-ogg: 62fdf1f143b41e24485cea50d1cbac27 -> 
  custom:video-encoder-webm-vp8: eb34c28f22e8b96e1ab97ce403110664 -> 
  custom:video-codec-MediaFoundation-h265: 746d11721c4dcdbdad8f713fa42b33f4 -> 
  custom:video-decoder-webm-vp8: 9c59270c3fd7afecdb556c50c9e8de78 -> 
  custom:audio-decoder-ogg-vorbis: bf7c407c2cedff20999df2af8eb42d56 -> 
  custom:audio-encoder-webm-vorbis: bf7c407c2cedff20999df2af8eb42d56 -> 
========================================================================
Received Prepare
Registering precompiled user dll's ...
Registered in 0.005841 seconds.
Begin MonoManager ReloadAssembly
Native extension for WindowsStandalone target not found
Native extension for WebGL target not found
Refreshing native plugins compatible for Editor in 0.47 ms, found 3 plugins.
Preloading 0 native plugins for Editor in 0.00 ms.
Mono: successfully reloaded assembly
- Completed reload, in  1.069 seconds
Platform modules already initialized, skipping
Refreshing native plugins compatible for Editor in 0.53 ms, found 3 plugins.
Preloading 0 native plugins for Editor in 0.00 ms.
Unloading 2083 Unused Serialized files (Serialized files now loaded: 0)
System memory in use before: 96.1 MB.
System memory in use after: 96.1 MB.

Unloading 21 unused Assets to reduce memory usage. Loaded Objects now: 2553.
Total: 3.037500 ms (FindLiveObjects: 0.222000 ms CreateObjectMapping: 0.078400 ms MarkObjects: 2.599400 ms  DeleteObjects: 0.136400 ms)

AssetImportParameters requested are different than current active one (requested -> active):
  custom:framework-win-MediaFoundation: 216162199b28c13a410421893ffa2e32 -> 
  custom:video-decoder-ogg-theora: a1e56fd34408186e4bbccfd4996cb3dc -> 
  custom:container-muxer-webm: aa71ff27fc2769a1b78a27578f13a17b -> 
  custom:container-demuxer-webm: 4f35f7cbe854078d1ac9338744f61a02 -> 
  custom:container-demuxer-ogg: 62fdf1f143b41e24485cea50d1cbac27 -> 
  custom:video-encoder-webm-vp8: eb34c28f22e8b96e1ab97ce403110664 -> 
  custom:video-codec-MediaFoundation-h265: 746d11721c4dcdbdad8f713fa42b33f4 -> 
  custom:video-decoder-webm-vp8: 9c59270c3fd7afecdb556c50c9e8de78 -> 
  custom:audio-decoder-ogg-vorbis: bf7c407c2cedff20999df2af8eb42d56 -> 
  custom:audio-encoder-webm-vorbis: bf7c407c2cedff20999df2af8eb42d56 -> 
========================================================================
Received Import Request.
  Time since last request: 95.277649 seconds.
  path: Assets/EnemyBullet.prefab
  artifactKey: Guid(51d92f09d2275bd45a8896a53cb83c16) Importer(815301076,1909f56bfc062723c751e8b465ee728b)
Start importing Assets/EnemyBullet.prefab using Guid(51d92f09d2275bd45a8896a53cb83c16) Importer(815301076,1909f56bfc062723c751e8b465ee728b)  -> (artifact id: 'ee68c7d9baebc9ceb430b6ea31e56bf3') in 0.061216 seconds 
  Import took 0.064891 seconds .

========================================================================
Received Import Request.
  Time since last request: 12.216518 seconds.
  path: Assets/Scripts/EnemyBullet.cs
  artifactKey: Guid(733b867078dcdb0489708fe0c3a4c82c) Importer(815301076,1909f56bfc062723c751e8b465ee728b)
Start importing Assets/Scripts/EnemyBullet.cs using Guid(733b867078dcdb0489708fe0c3a4c82c) Importer(815301076,1909f56bfc062723c751e8b465ee728b)  -> (artifact id: 'a1b8d499d9d0e08096d6453d7dfea8bc') in 0.003107 seconds 
  Import took 0.006978 seconds .

========================================================================
Received Import Request.
  Time since last request: 6.430495 seconds.
  path: Assets/Scripts/Laser.cs
  artifactKey: Guid(15e6d8ffb9277474c9fc7983612212a5) Importer(815301076,1909f56bfc062723c751e8b465ee728b)
Start importing Assets/Scripts/Laser.cs using Guid(15e6d8ffb9277474c9fc7983612212a5) Importer(815301076,1909f56bfc062723c751e8b465ee728b)  -> (artifact id: '8cd8c68e33b125a80e1f83a0739cc4c9') in 0.004611 seconds 
  Import took 0.008324 seconds .

========================================================================
Received Prepare
Registering precompiled user dll's ...
Registered in 0.006044 seconds.
Begin MonoManager ReloadAssembly
Native extension for WindowsStandalone target not found
Native extension for WebGL target not found
Refreshing native plugins compatible for Editor in 0.47 ms, found 3 plugins.
Preloading 0 native plugins for Editor in 0.00 ms.
Mono: successfully reloaded assembly
- Completed reload, in  1.112 seconds
Platform modules already initialized, skipping
Refreshing native plugins compatible for Editor in 0.45 ms, found 3 plugins.
Preloading 0 native plugins for Editor in 0.00 ms.
Unloading 2083 Unused Serialized files (Serialized files now loaded: 0)
System memory in use before: 96.1 MB.
System memory in use after: 96.1 MB.

Unloading 21 unused Assets to reduce memory usage. Loaded Objects now: 2558.
Total: 2.568300 ms (FindLiveObjects: 0.354500 ms CreateObjectMapping: 0.132200 ms MarkObjects: 1.975500 ms  DeleteObjects: 0.104600 ms)

AssetImportParameters requested are different than current active one (requested -> active):
  custom:framework-win-MediaFoundation: 216162199b28c13a410421893ffa2e32 -> 
  custom:video-decoder-ogg-theora: a1e56fd34408186e4bbccfd4996cb3dc -> 
  custom:container-muxer-webm: aa71ff27fc2769a1b78a27578f13a17b -> 
  custom:container-demuxer-webm: 4f35f7cbe854078d1ac9338744f61a02 -> 
  custom:container-demuxer-ogg: 62fdf1f143b41e24485cea50d1cbac27 -> 
  custom:video-encoder-webm-vp8: eb34c28f22e8b96e1ab97ce403110664 -> 
  custom:video-codec-MediaFoundation-h265: 746d11721c4dcdbdad8f713fa42b33f4 -> 
  custom:video-decoder-webm-vp8: 9c59270c3fd7afecdb556c50c9e8de78 -> 
  custom:audio-decoder-ogg-vorbis: bf7c407c2cedff20999df2af8eb42d56 -> 
  custom:audio-encoder-webm-vorbis: bf7c407c2cedff20999df2af8eb42d56 -> 
========================================================================
Received Import Request.
  Time since last request: 739.502646 seconds.
  path: Assets/Prefabs/EnemyBullet.prefab
  artifactKey: Guid(51d92f09d2275bd45a8896a53cb83c16) Importer(815301076,1909f56bfc062723c751e8b465ee728b)
Start importing Assets/Prefabs/EnemyBullet.prefab using Guid(51d92f09d2275bd45a8896a53cb83c16) Importer(815301076,1909f56bfc062723c751e8b465ee728b)  -> (artifact id: 'fbdbccd49c17473a56702bd26e9cb0b0') in 0.059914 seconds 
  Import took 0.063610 seconds .

========================================================================
Received Prepare
Registering precompiled user dll's ...
Registered in 0.005980 seconds.
Begin MonoManager ReloadAssembly
Native extension for WindowsStandalone target not found
Native extension for WebGL target not found
Refreshing native plugins compatible for Editor in 0.44 ms, found 3 plugins.
Preloading 0 native plugins for Editor in 0.00 ms.
Mono: successfully reloaded assembly
- Completed reload, in  1.074 seconds
Platform modules already initialized, skipping
Refreshing native plugins compatible for Editor in 0.44 ms, found 3 plugins.
Preloading 0 native plugins for Editor in 0.00 ms.
Unloading 2083 Unused Serialized files (Serialized files now loaded: 0)
System memory in use before: 96.1 MB.
System memory in use after: 96.1 MB.

Unloading 21 unused Assets to reduce memory usage. Loaded Objects now: 2563.
Total: 2.431500 ms (FindLiveObjects: 0.189700 ms CreateObjectMapping: 0.078300 ms MarkObjects: 2.058900 ms  DeleteObjects: 0.103800 ms)

AssetImportParameters requested are different than current active one (requested -> active):
  custom:framework-win-MediaFoundation: 216162199b28c13a410421893ffa2e32 -> 
  custom:video-decoder-ogg-theora: a1e56fd34408186e4bbccfd4996cb3dc -> 
  custom:container-muxer-webm: aa71ff27fc2769a1b78a27578f13a17b -> 
  custom:container-demuxer-webm: 4f35f7cbe854078d1ac9338744f61a02 -> 
  custom:container-demuxer-ogg: 62fdf1f143b41e24485cea50d1cbac27 -> 
  custom:video-encoder-webm-vp8: eb34c28f22e8b96e1ab97ce403110664 -> 
  custom:video-codec-MediaFoundation-h265: 746d11721c4dcdbdad8f713fa42b33f4 -> 
  custom:video-decoder-webm-vp8: 9c59270c3fd7afecdb556c50c9e8de78 -> 
  custom:audio-decoder-ogg-vorbis: bf7c407c2cedff20999df2af8eb42d56 -> 
  custom:audio-encoder-webm-vorbis: bf7c407c2cedff20999df2af8eb42d56 -> 
========================================================================
Received Prepare
Registering precompiled user dll's ...
Registered in 0.006857 seconds.
Begin MonoManager ReloadAssembly
Native extension for WindowsStandalone target not found
Native extension for WebGL target not found
Refreshing native plugins compatible for Editor in 0.45 ms, found 3 plugins.
Preloading 0 native plugins for Editor in 0.00 ms.
Mono: successfully reloaded assembly
- Completed reload, in  1.126 seconds
Platform modules already initialized, skipping
Refreshing native plugins compatible for Editor in 0.46 ms, found 3 plugins.
Preloading 0 native plugins for Editor in 0.00 ms.
Unloading 2083 Unused Serialized files (Serialized files now loaded: 0)
System memory in use before: 96.2 MB.
System memory in use after: 96.1 MB.

Unloading 21 unused Assets to reduce memory usage. Loaded Objects now: 2567.
Total: 3.035400 ms (FindLiveObjects: 0.218600 ms CreateObjectMapping: 0.080700 ms MarkObjects: 2.475000 ms  DeleteObjects: 0.259600 ms)

AssetImportParameters requested are different than current active one (requested -> active):
  custom:framework-win-MediaFoundation: 216162199b28c13a410421893ffa2e32 -> 
  custom:video-decoder-ogg-theora: a1e56fd34408186e4bbccfd4996cb3dc -> 
  custom:container-muxer-webm: aa71ff27fc2769a1b78a27578f13a17b -> 
  custom:container-demuxer-webm: 4f35f7cbe854078d1ac9338744f61a02 -> 
  custom:container-demuxer-ogg: 62fdf1f143b41e24485cea50d1cbac27 -> 
  custom:video-encoder-webm-vp8: eb34c28f22e8b96e1ab97ce403110664 -> 
  custom:video-codec-MediaFoundation-h265: 746d11721c4dcdbdad8f713fa42b33f4 -> 
  custom:video-decoder-webm-vp8: 9c59270c3fd7afecdb556c50c9e8de78 -> 
  custom:audio-decoder-ogg-vorbis: bf7c407c2cedff20999df2af8eb42d56 -> 
  custom:audio-encoder-webm-vorbis: bf7c407c2cedff20999df2af8eb42d56 -> 
========================================================================
Received Prepare
Registering precompiled user dll's ...
Registered in 0.005770 seconds.
Begin MonoManager ReloadAssembly
Native extension for WindowsStandalone target not found
Native extension for WebGL target not found
Refreshing native plugins compatible for Editor in 0.49 ms, found 3 plugins.
Preloading 0 native plugins for Editor in 0.00 ms.
Mono: successfully reloaded assembly
- Completed reload, in  1.198 seconds
Platform modules already initialized, skipping
Refreshing native plugins compatible for Editor in 0.47 ms, found 3 plugins.
Preloading 0 native plugins for Editor in 0.00 ms.
Unloading 2083 Unused Serialized files (Serialized files now loaded: 0)
System memory in use before: 96.2 MB.
System memory in use after: 96.1 MB.

Unloading 21 unused Assets to reduce memory usage. Loaded Objects now: 2571.
Total: 2.447300 ms (FindLiveObjects: 0.194500 ms CreateObjectMapping: 0.078900 ms MarkObjects: 2.057400 ms  DeleteObjects: 0.115400 ms)

AssetImportParameters requested are different than current active one (requested -> active):
  custom:framework-win-MediaFoundation: 216162199b28c13a410421893ffa2e32 -> 
  custom:video-decoder-ogg-theora: a1e56fd34408186e4bbccfd4996cb3dc -> 
  custom:container-muxer-webm: aa71ff27fc2769a1b78a27578f13a17b -> 
  custom:container-demuxer-webm: 4f35f7cbe854078d1ac9338744f61a02 -> 
  custom:container-demuxer-ogg: 62fdf1f143b41e24485cea50d1cbac27 -> 
  custom:video-encoder-webm-vp8: eb34c28f22e8b96e1ab97ce403110664 -> 
  custom:video-codec-MediaFoundation-h265: 746d11721c4dcdbdad8f713fa42b33f4 -> 
  custom:video-decoder-webm-vp8: 9c59270c3fd7afecdb556c50c9e8de78 -> 
  custom:audio-decoder-ogg-vorbis: bf7c407c2cedff20999df2af8eb42d56 -> 
  custom:audio-encoder-webm-vorbis: bf7c407c2cedff20999df2af8eb42d56 -> 
========================================================================
Received Prepare
Registering precompiled user dll's ...
Registered in 0.005589 seconds.
Begin MonoManager ReloadAssembly
Native extension for WindowsStandalone target not found
Native extension for WebGL target not found
Refreshing native plugins compatible for Editor in 0.67 ms, found 3 plugins.
Preloading 0 native plugins for Editor in 0.00 ms.
Mono: successfully reloaded assembly
- Completed reload, in  1.139 seconds
Platform modules already initialized, skipping
Refreshing native plugins compatible for Editor in 1.19 ms, found 3 plugins.
Preloading 0 native plugins for Editor in 0.00 ms.
Unloading 2083 Unused Serialized files (Serialized files now loaded: 0)
System memory in use before: 96.2 MB.
System memory in use after: 96.2 MB.

Unloading 21 unused Assets to reduce memory usage. Loaded Objects now: 2575.
Total: 6.513700 ms (FindLiveObjects: 0.307900 ms CreateObjectMapping: 0.335600 ms MarkObjects: 5.669200 ms  DeleteObjects: 0.199400 ms)

AssetImportParameters requested are different than current active one (requested -> active):
  custom:framework-win-MediaFoundation: 216162199b28c13a410421893ffa2e32 -> 
  custom:video-decoder-ogg-theora: a1e56fd34408186e4bbccfd4996cb3dc -> 
  custom:container-muxer-webm: aa71ff27fc2769a1b78a27578f13a17b -> 
  custom:container-demuxer-webm: 4f35f7cbe854078d1ac9338744f61a02 -> 
  custom:container-demuxer-ogg: 62fdf1f143b41e24485cea50d1cbac27 -> 
  custom:video-encoder-webm-vp8: eb34c28f22e8b96e1ab97ce403110664 -> 
  custom:video-codec-MediaFoundation-h265: 746d11721c4dcdbdad8f713fa42b33f4 -> 
  custom:video-decoder-webm-vp8: 9c59270c3fd7afecdb556c50c9e8de78 -> 
  custom:audio-decoder-ogg-vorbis: bf7c407c2cedff20999df2af8eb42d56 -> 
  custom:audio-encoder-webm-vorbis: bf7c407c2cedff20999df2af8eb42d56 -> 
========================================================================
Received Import Request.
  Time since last request: 226.192900 seconds.
  path: Assets/Prefabs/EnemyBullet.prefab
  artifactKey: Guid(51d92f09d2275bd45a8896a53cb83c16) Importer(815301076,1909f56bfc062723c751e8b465ee728b)
Start importing Assets/Prefabs/EnemyBullet.prefab using Guid(51d92f09d2275bd45a8896a53cb83c16) Importer(815301076,1909f56bfc062723c751e8b465ee728b)  -> (artifact id: '1f5bd995de85dc5930ffdb40d54553bd') in 0.124099 seconds 
  Import took 0.131984 seconds .

========================================================================
Received Import Request.
  Time since last request: 9.065967 seconds.
  path: Assets/Prefabs/EnemyBullet.prefab
  artifactKey: Guid(51d92f09d2275bd45a8896a53cb83c16) Importer(815301076,1909f56bfc062723c751e8b465ee728b)
Start importing Assets/Prefabs/EnemyBullet.prefab using Guid(51d92f09d2275bd45a8896a53cb83c16) Importer(815301076,1909f56bfc062723c751e8b465ee728b)  -> (artifact id: 'fab7468bf18a1a3320ab97ca229dca8e') in 0.012345 seconds 
  Import took 0.015814 seconds .

========================================================================
Received Import Request.
  Time since last request: 0.007486 seconds.
  path: Assets/Prefabs/EnemyBullet.prefab
  artifactKey: Guid(51d92f09d2275bd45a8896a53cb83c16) Importer(815301076,1909f56bfc062723c751e8b465ee728b)
Start importing Assets/Prefabs/EnemyBullet.prefab using Guid(51d92f09d2275bd45a8896a53cb83c16) Importer(815301076,1909f56bfc062723c751e8b465ee728b)  -> (artifact id: 'fab7468bf18a1a3320ab97ca229dca8e') in 0.015173 seconds 
  Import took 0.019500 seconds .

========================================================================
Received Prepare
Registering precompiled user dll's ...
Registered in 0.009270 seconds.
Begin MonoManager ReloadAssembly
Native extension for WindowsStandalone target not found
Native extension for WebGL target not found
Refreshing native plugins compatible for Editor in 0.59 ms, found 3 plugins.
Preloading 0 native plugins for Editor in 0.00 ms.
Mono: successfully reloaded assembly
- Completed reload, in  1.158 seconds
Platform modules already initialized, skipping
Refreshing native plugins compatible for Editor in 0.93 ms, found 3 plugins.
Preloading 0 native plugins for Editor in 0.00 ms.
Unloading 2083 Unused Serialized files (Serialized files now loaded: 0)
System memory in use before: 96.2 MB.
System memory in use after: 96.2 MB.

Unloading 21 unused Assets to reduce memory usage. Loaded Objects now: 2580.
Total: 3.450500 ms (FindLiveObjects: 0.241500 ms CreateObjectMapping: 0.083700 ms MarkObjects: 3.010700 ms  DeleteObjects: 0.113300 ms)

AssetImportParameters requested are different than current active one (requested -> active):
  custom:framework-win-MediaFoundation: 216162199b28c13a410421893ffa2e32 -> 
  custom:video-decoder-ogg-theora: a1e56fd34408186e4bbccfd4996cb3dc -> 
  custom:container-muxer-webm: aa71ff27fc2769a1b78a27578f13a17b -> 
  custom:container-demuxer-webm: 4f35f7cbe854078d1ac9338744f61a02 -> 
  custom:container-demuxer-ogg: 62fdf1f143b41e24485cea50d1cbac27 -> 
  custom:video-encoder-webm-vp8: eb34c28f22e8b96e1ab97ce403110664 -> 
  custom:video-codec-MediaFoundation-h265: 746d11721c4dcdbdad8f713fa42b33f4 -> 
  custom:video-decoder-webm-vp8: 9c59270c3fd7afecdb556c50c9e8de78 -> 
  custom:audio-decoder-ogg-vorbis: bf7c407c2cedff20999df2af8eb42d56 -> 
  custom:audio-encoder-webm-vorbis: bf7c407c2cedff20999df2af8eb42d56 -> 
========================================================================
Received Prepare
Registering precompiled user dll's ...
Registered in 0.008135 seconds.
Begin MonoManager ReloadAssembly
Native extension for WindowsStandalone target not found
Native extension for WebGL target not found
Refreshing native plugins compatible for Editor in 0.48 ms, found 3 plugins.
Preloading 0 native plugins for Editor in 0.00 ms.
Mono: successfully reloaded assembly
- Completed reload, in  1.118 seconds
Platform modules already initialized, skipping
Refreshing native plugins compatible for Editor in 0.44 ms, found 3 plugins.
Preloading 0 native plugins for Editor in 0.00 ms.
Unloading 2083 Unused Serialized files (Serialized files now loaded: 0)
System memory in use before: 96.2 MB.
System memory in use after: 96.2 MB.

Unloading 21 unused Assets to reduce memory usage. Loaded Objects now: 2584.
Total: 2.634600 ms (FindLiveObjects: 0.198300 ms CreateObjectMapping: 0.063300 ms MarkObjects: 2.266100 ms  DeleteObjects: 0.105900 ms)

AssetImportParameters requested are different than current active one (requested -> active):
  custom:framework-win-MediaFoundation: 216162199b28c13a410421893ffa2e32 -> 
  custom:video-decoder-ogg-theora: a1e56fd34408186e4bbccfd4996cb3dc -> 
  custom:container-muxer-webm: aa71ff27fc2769a1b78a27578f13a17b -> 
  custom:container-demuxer-webm: 4f35f7cbe854078d1ac9338744f61a02 -> 
  custom:container-demuxer-ogg: 62fdf1f143b41e24485cea50d1cbac27 -> 
  custom:video-encoder-webm-vp8: eb34c28f22e8b96e1ab97ce403110664 -> 
  custom:video-codec-MediaFoundation-h265: 746d11721c4dcdbdad8f713fa42b33f4 -> 
  custom:video-decoder-webm-vp8: 9c59270c3fd7afecdb556c50c9e8de78 -> 
  custom:audio-decoder-ogg-vorbis: bf7c407c2cedff20999df2af8eb42d56 -> 
  custom:audio-encoder-webm-vorbis: bf7c407c2cedff20999df2af8eb42d56 -> 
========================================================================
Received Import Request.
  Time since last request: 543.297058 seconds.
  path: ProjectSettings/TagManager.asset
  artifactKey: Guid(00000000000000003000000000000000) Importer(815301076,1909f56bfc062723c751e8b465ee728b)
Start importing ProjectSettings/TagManager.asset using Guid(00000000000000003000000000000000) Importer(815301076,1909f56bfc062723c751e8b465ee728b)  -> (artifact id: '95df672b4aaba54310d34c83eef51bb8') in 0.021367 seconds 
  Import took 0.025127 seconds .

========================================================================
Received Import Request.
  Time since last request: 16.744847 seconds.
  path: Assets/Prefabs/EnemyBullet.prefab
  artifactKey: Guid(51d92f09d2275bd45a8896a53cb83c16) Importer(815301076,1909f56bfc062723c751e8b465ee728b)
Start importing Assets/Prefabs/EnemyBullet.prefab using Guid(51d92f09d2275bd45a8896a53cb83c16) Importer(815301076,1909f56bfc062723c751e8b465ee728b)  -> (artifact id: '6f8cdbfe915e65150ceaa51da520850c') in 0.052178 seconds 
  Import took 0.056977 seconds .

========================================================================
Received Prepare
Registering precompiled user dll's ...
Registered in 0.005973 seconds.
Begin MonoManager ReloadAssembly
Native extension for WindowsStandalone target not found
Native extension for WebGL target not found
Refreshing native plugins compatible for Editor in 0.45 ms, found 3 plugins.
Preloading 0 native plugins for Editor in 0.00 ms.
Mono: successfully reloaded assembly
- Completed reload, in  1.123 seconds
Platform modules already initialized, skipping
Refreshing native plugins compatible for Editor in 0.45 ms, found 3 plugins.
Preloading 0 native plugins for Editor in 0.00 ms.
Unloading 2083 Unused Serialized files (Serialized files now loaded: 0)
System memory in use before: 96.2 MB.
System memory in use after: 96.2 MB.

Unloading 22 unused Assets to reduce memory usage. Loaded Objects now: 2589.
Total: 2.445200 ms (FindLiveObjects: 0.209700 ms CreateObjectMapping: 0.073400 ms MarkObjects: 2.052200 ms  DeleteObjects: 0.108900 ms)

AssetImportParameters requested are different than current active one (requested -> active):
  custom:framework-win-MediaFoundation: 216162199b28c13a410421893ffa2e32 -> 
  custom:video-decoder-ogg-theora: a1e56fd34408186e4bbccfd4996cb3dc -> 
  custom:container-muxer-webm: aa71ff27fc2769a1b78a27578f13a17b -> 
  custom:container-demuxer-webm: 4f35f7cbe854078d1ac9338744f61a02 -> 
  custom:container-demuxer-ogg: 62fdf1f143b41e24485cea50d1cbac27 -> 
  custom:video-encoder-webm-vp8: eb34c28f22e8b96e1ab97ce403110664 -> 
  custom:video-codec-MediaFoundation-h265: 746d11721c4dcdbdad8f713fa42b33f4 -> 
  custom:video-decoder-webm-vp8: 9c59270c3fd7afecdb556c50c9e8de78 -> 
  custom:audio-decoder-ogg-vorbis: bf7c407c2cedff20999df2af8eb42d56 -> 
  custom:audio-encoder-webm-vorbis: bf7c407c2cedff20999df2af8eb42d56 -> 
========================================================================
Received Import Request.
  Time since last request: 115.745832 seconds.
  path: Assets/Prefabs/Laser.prefab
  artifactKey: Guid(f71c975a09f18d3429d602c6350a840b) Importer(815301076,1909f56bfc062723c751e8b465ee728b)
Start importing Assets/Prefabs/Laser.prefab using Guid(f71c975a09f18d3429d602c6350a840b) Importer(815301076,1909f56bfc062723c751e8b465ee728b)  -> (artifact id: 'b56eea95ce5e0016a54c9a797679d4b3') in 0.060311 seconds 
  Import took 0.064318 seconds .

========================================================================
Received Prepare
Registering precompiled user dll's ...
Registered in 0.008643 seconds.
Begin MonoManager ReloadAssembly
Native extension for WindowsStandalone target not found
Native extension for WebGL target not found
Refreshing native plugins compatible for Editor in 0.72 ms, found 3 plugins.
Preloading 0 native plugins for Editor in 0.00 ms.
Mono: successfully reloaded assembly
- Completed reload, in  1.381 seconds
Platform modules already initialized, skipping
Refreshing native plugins compatible for Editor in 0.64 ms, found 3 plugins.
Preloading 0 native plugins for Editor in 0.00 ms.
Unloading 2083 Unused Serialized files (Serialized files now loaded: 0)
System memory in use before: 96.2 MB.
System memory in use after: 96.2 MB.

Unloading 21 unused Assets to reduce memory usage. Loaded Objects now: 2594.
Total: 2.608000 ms (FindLiveObjects: 0.268100 ms CreateObjectMapping: 0.105900 ms MarkObjects: 2.098400 ms  DeleteObjects: 0.134400 ms)

AssetImportParameters requested are different than current active one (requested -> active):
  custom:framework-win-MediaFoundation: 216162199b28c13a410421893ffa2e32 -> 
  custom:video-decoder-ogg-theora: a1e56fd34408186e4bbccfd4996cb3dc -> 
  custom:container-muxer-webm: aa71ff27fc2769a1b78a27578f13a17b -> 
  custom:container-demuxer-webm: 4f35f7cbe854078d1ac9338744f61a02 -> 
  custom:container-demuxer-ogg: 62fdf1f143b41e24485cea50d1cbac27 -> 
  custom:video-encoder-webm-vp8: eb34c28f22e8b96e1ab97ce403110664 -> 
  custom:video-codec-MediaFoundation-h265: 746d11721c4dcdbdad8f713fa42b33f4 -> 
  custom:video-decoder-webm-vp8: 9c59270c3fd7afecdb556c50c9e8de78 -> 
  custom:audio-decoder-ogg-vorbis: bf7c407c2cedff20999df2af8eb42d56 -> 
  custom:audio-encoder-webm-vorbis: bf7c407c2cedff20999df2af8eb42d56 -> 
========================================================================
Received Prepare
Registering precompiled user dll's ...
Registered in 0.006197 seconds.
Begin MonoManager ReloadAssembly
Native extension for WindowsStandalone target not found
Native extension for WebGL target not found
Refreshing native plugins compatible for Editor in 0.48 ms, found 3 plugins.
Preloading 0 native plugins for Editor in 0.00 ms.
Mono: successfully reloaded assembly
- Completed reload, in  1.133 seconds
Platform modules already initialized, skipping
Refreshing native plugins compatible for Editor in 0.47 ms, found 3 plugins.
Preloading 0 native plugins for Editor in 0.00 ms.
Unloading 2083 Unused Serialized files (Serialized files now loaded: 0)
System memory in use before: 96.2 MB.
System memory in use after: 96.2 MB.

Unloading 21 unused Assets to reduce memory usage. Loaded Objects now: 2598.
Total: 2.454800 ms (FindLiveObjects: 0.184500 ms CreateObjectMapping: 0.073800 ms MarkObjects: 2.094000 ms  DeleteObjects: 0.101600 ms)

AssetImportParameters requested are different than current active one (requested -> active):
  custom:framework-win-MediaFoundation: 216162199b28c13a410421893ffa2e32 -> 
  custom:video-decoder-ogg-theora: a1e56fd34408186e4bbccfd4996cb3dc -> 
  custom:container-muxer-webm: aa71ff27fc2769a1b78a27578f13a17b -> 
  custom:container-demuxer-webm: 4f35f7cbe854078d1ac9338744f61a02 -> 
  custom:container-demuxer-ogg: 62fdf1f143b41e24485cea50d1cbac27 -> 
  custom:video-encoder-webm-vp8: eb34c28f22e8b96e1ab97ce403110664 -> 
  custom:video-codec-MediaFoundation-h265: 746d11721c4dcdbdad8f713fa42b33f4 -> 
  custom:video-decoder-webm-vp8: 9c59270c3fd7afecdb556c50c9e8de78 -> 
  custom:audio-decoder-ogg-vorbis: bf7c407c2cedff20999df2af8eb42d56 -> 
  custom:audio-encoder-webm-vorbis: bf7c407c2cedff20999df2af8eb42d56 -> 
========================================================================
Received Prepare
Registering precompiled user dll's ...
Registered in 0.007904 seconds.
Begin MonoManager ReloadAssembly
Native extension for WindowsStandalone target not found
Native extension for WebGL target not found
Refreshing native plugins compatible for Editor in 0.56 ms, found 3 plugins.
Preloading 0 native plugins for Editor in 0.00 ms.
Mono: successfully reloaded assembly
- Completed reload, in  1.122 seconds
Platform modules already initialized, skipping
Refreshing native plugins compatible for Editor in 0.60 ms, found 3 plugins.
Preloading 0 native plugins for Editor in 0.00 ms.
Unloading 2083 Unused Serialized files (Serialized files now loaded: 0)
System memory in use before: 96.2 MB.
System memory in use after: 96.2 MB.

Unloading 21 unused Assets to reduce memory usage. Loaded Objects now: 2602.
Total: 2.603500 ms (FindLiveObjects: 0.202800 ms CreateObjectMapping: 0.080700 ms MarkObjects: 2.212500 ms  DeleteObjects: 0.106200 ms)

AssetImportParameters requested are different than current active one (requested -> active):
  custom:framework-win-MediaFoundation: 216162199b28c13a410421893ffa2e32 -> 
  custom:video-decoder-ogg-theora: a1e56fd34408186e4bbccfd4996cb3dc -> 
  custom:container-muxer-webm: aa71ff27fc2769a1b78a27578f13a17b -> 
  custom:container-demuxer-webm: 4f35f7cbe854078d1ac9338744f61a02 -> 
  custom:container-demuxer-ogg: 62fdf1f143b41e24485cea50d1cbac27 -> 
  custom:video-encoder-webm-vp8: eb34c28f22e8b96e1ab97ce403110664 -> 
  custom:video-codec-MediaFoundation-h265: 746d11721c4dcdbdad8f713fa42b33f4 -> 
  custom:video-decoder-webm-vp8: 9c59270c3fd7afecdb556c50c9e8de78 -> 
  custom:audio-decoder-ogg-vorbis: bf7c407c2cedff20999df2af8eb42d56 -> 
  custom:audio-encoder-webm-vorbis: bf7c407c2cedff20999df2af8eb42d56 -> 
========================================================================
Received Import Request.
  Time since last request: 138.055923 seconds.
  path: Assets/Prefabs/Laser.prefab
  artifactKey: Guid(f71c975a09f18d3429d602c6350a840b) Importer(815301076,1909f56bfc062723c751e8b465ee728b)
Start importing Assets/Prefabs/Laser.prefab using Guid(f71c975a09f18d3429d602c6350a840b) Importer(815301076,1909f56bfc062723c751e8b465ee728b)  -> (artifact id: '6ec535277972c00e8580672e8f45e10c') in 0.063285 seconds 
  Import took 0.067148 seconds .

========================================================================
Received Prepare
Registering precompiled user dll's ...
Registered in 0.005596 seconds.
Begin MonoManager ReloadAssembly
Native extension for WindowsStandalone target not found
Native extension for WebGL target not found
Refreshing native plugins compatible for Editor in 0.44 ms, found 3 plugins.
Preloading 0 native plugins for Editor in 0.00 ms.
Mono: successfully reloaded assembly
- Completed reload, in  1.088 seconds
Platform modules already initialized, skipping
Refreshing native plugins compatible for Editor in 0.59 ms, found 3 plugins.
Preloading 0 native plugins for Editor in 0.00 ms.
Unloading 2083 Unused Serialized files (Serialized files now loaded: 0)
System memory in use before: 96.3 MB.
System memory in use after: 96.2 MB.

Unloading 21 unused Assets to reduce memory usage. Loaded Objects now: 2607.
Total: 2.697000 ms (FindLiveObjects: 0.230800 ms CreateObjectMapping: 0.072100 ms MarkObjects: 2.278200 ms  DeleteObjects: 0.114800 ms)

AssetImportParameters requested are different than current active one (requested -> active):
  custom:framework-win-MediaFoundation: 216162199b28c13a410421893ffa2e32 -> 
  custom:video-decoder-ogg-theora: a1e56fd34408186e4bbccfd4996cb3dc -> 
  custom:container-muxer-webm: aa71ff27fc2769a1b78a27578f13a17b -> 
  custom:container-demuxer-webm: 4f35f7cbe854078d1ac9338744f61a02 -> 
  custom:container-demuxer-ogg: 62fdf1f143b41e24485cea50d1cbac27 -> 
  custom:video-encoder-webm-vp8: eb34c28f22e8b96e1ab97ce403110664 -> 
  custom:video-codec-MediaFoundation-h265: 746d11721c4dcdbdad8f713fa42b33f4 -> 
  custom:video-decoder-webm-vp8: 9c59270c3fd7afecdb556c50c9e8de78 -> 
  custom:audio-decoder-ogg-vorbis: bf7c407c2cedff20999df2af8eb42d56 -> 
  custom:audio-encoder-webm-vorbis: bf7c407c2cedff20999df2af8eb42d56 -> 
========================================================================
Received Import Request.
  Time since last request: 381.859970 seconds.
  path: Assets/Prefabs/Laser.prefab
  artifactKey: Guid(f71c975a09f18d3429d602c6350a840b) Importer(815301076,1909f56bfc062723c751e8b465ee728b)
Start importing Assets/Prefabs/Laser.prefab using Guid(f71c975a09f18d3429d602c6350a840b) Importer(815301076,1909f56bfc062723c751e8b465ee728b)  -> (artifact id: '91aed40cee344416c695ed74cfe80708') in 0.063172 seconds 
  Import took 0.066725 seconds .

========================================================================
Received Import Request.
  Time since last request: 5.587235 seconds.
  path: Assets/Prefabs/Laser.prefab
  artifactKey: Guid(f71c975a09f18d3429d602c6350a840b) Importer(815301076,1909f56bfc062723c751e8b465ee728b)
Start importing Assets/Prefabs/Laser.prefab using Guid(f71c975a09f18d3429d602c6350a840b) Importer(815301076,1909f56bfc062723c751e8b465ee728b)  -> (artifact id: '3e64506590ae2a7005d6e9db9388aec6') in 0.011287 seconds 
  Import took 0.015222 seconds .

========================================================================
Received Import Request.
  Time since last request: 0.005261 seconds.
  path: Assets/Prefabs/Laser.prefab
  artifactKey: Guid(f71c975a09f18d3429d602c6350a840b) Importer(815301076,1909f56bfc062723c751e8b465ee728b)
Start importing Assets/Prefabs/Laser.prefab using Guid(f71c975a09f18d3429d602c6350a840b) Importer(815301076,1909f56bfc062723c751e8b465ee728b)  -> (artifact id: '3e64506590ae2a7005d6e9db9388aec6') in 0.012478 seconds 
  Import took 0.016795 seconds .

========================================================================
Received Import Request.
  Time since last request: 13.497879 seconds.
  path: Assets/Prefabs/EnemyBullet.prefab
  artifactKey: Guid(51d92f09d2275bd45a8896a53cb83c16) Importer(815301076,1909f56bfc062723c751e8b465ee728b)
Start importing Assets/Prefabs/EnemyBullet.prefab using Guid(51d92f09d2275bd45a8896a53cb83c16) Importer(815301076,1909f56bfc062723c751e8b465ee728b)  -> (artifact id: '122c899143e059edcdfb3d544ffa79d2') in 0.015716 seconds 
  Import took 0.019101 seconds .

========================================================================
Received Import Request.
  Time since last request: 0.001530 seconds.
  path: Assets/Prefabs/EnemyBullet.prefab
  artifactKey: Guid(51d92f09d2275bd45a8896a53cb83c16) Importer(815301076,1909f56bfc062723c751e8b465ee728b)
Start importing Assets/Prefabs/EnemyBullet.prefab using Guid(51d92f09d2275bd45a8896a53cb83c16) Importer(815301076,1909f56bfc062723c751e8b465ee728b)  -> (artifact id: '122c899143e059edcdfb3d544ffa79d2') in 0.017159 seconds 
  Import took 0.022191 seconds .

========================================================================
Received Import Request.
  Time since last request: 3.185763 seconds.
  path: Assets/Prefabs/EnemyBullet.prefab
  artifactKey: Guid(51d92f09d2275bd45a8896a53cb83c16) Importer(815301076,1909f56bfc062723c751e8b465ee728b)
Start importing Assets/Prefabs/EnemyBullet.prefab using Guid(51d92f09d2275bd45a8896a53cb83c16) Importer(815301076,1909f56bfc062723c751e8b465ee728b)  -> (artifact id: 'b4b69d0653125626b2ddb2a3d831ead7') in 0.011052 seconds 
  Import took 0.016827 seconds .

========================================================================
Received Import Request.
  Time since last request: 0.003747 seconds.
  path: Assets/Prefabs/EnemyBullet.prefab
  artifactKey: Guid(51d92f09d2275bd45a8896a53cb83c16) Importer(815301076,1909f56bfc062723c751e8b465ee728b)
Start importing Assets/Prefabs/EnemyBullet.prefab using Guid(51d92f09d2275bd45a8896a53cb83c16) Importer(815301076,1909f56bfc062723c751e8b465ee728b)  -> (artifact id: 'b4b69d0653125626b2ddb2a3d831ead7') in 0.022673 seconds 
  Import took 0.027327 seconds .

========================================================================
Received Prepare
Registering precompiled user dll's ...
Registered in 0.006168 seconds.
Begin MonoManager ReloadAssembly
Native extension for WindowsStandalone target not found
Native extension for WebGL target not found
Refreshing native plugins compatible for Editor in 0.46 ms, found 3 plugins.
Preloading 0 native plugins for Editor in 0.00 ms.
Mono: successfully reloaded assembly
- Completed reload, in  1.135 seconds
Platform modules already initialized, skipping
Refreshing native plugins compatible for Editor in 0.47 ms, found 3 plugins.
Preloading 0 native plugins for Editor in 0.00 ms.
Unloading 2083 Unused Serialized files (Serialized files now loaded: 0)
System memory in use before: 96.3 MB.
System memory in use after: 96.3 MB.

Unloading 21 unused Assets to reduce memory usage. Loaded Objects now: 2612.
Total: 2.620900 ms (FindLiveObjects: 0.232100 ms CreateObjectMapping: 0.080200 ms MarkObjects: 2.200900 ms  DeleteObjects: 0.106700 ms)

AssetImportParameters requested are different than current active one (requested -> active):
  custom:framework-win-MediaFoundation: 216162199b28c13a410421893ffa2e32 -> 
  custom:video-decoder-ogg-theora: a1e56fd34408186e4bbccfd4996cb3dc -> 
  custom:container-muxer-webm: aa71ff27fc2769a1b78a27578f13a17b -> 
  custom:container-demuxer-webm: 4f35f7cbe854078d1ac9338744f61a02 -> 
  custom:container-demuxer-ogg: 62fdf1f143b41e24485cea50d1cbac27 -> 
  custom:video-encoder-webm-vp8: eb34c28f22e8b96e1ab97ce403110664 -> 
  custom:video-codec-MediaFoundation-h265: 746d11721c4dcdbdad8f713fa42b33f4 -> 
  custom:video-decoder-webm-vp8: 9c59270c3fd7afecdb556c50c9e8de78 -> 
  custom:audio-decoder-ogg-vorbis: bf7c407c2cedff20999df2af8eb42d56 -> 
  custom:audio-encoder-webm-vorbis: bf7c407c2cedff20999df2af8eb42d56 -> 
========================================================================
Received Prepare
Registering precompiled user dll's ...
Registered in 0.005805 seconds.
Begin MonoManager ReloadAssembly
Native extension for WindowsStandalone target not found
Native extension for WebGL target not found
Refreshing native plugins compatible for Editor in 0.46 ms, found 3 plugins.
Preloading 0 native plugins for Editor in 0.00 ms.
Mono: successfully reloaded assembly
- Completed reload, in  1.096 seconds
Platform modules already initialized, skipping
Refreshing native plugins compatible for Editor in 0.47 ms, found 3 plugins.
Preloading 0 native plugins for Editor in 0.00 ms.
Unloading 2083 Unused Serialized files (Serialized files now loaded: 0)
System memory in use before: 96.3 MB.
System memory in use after: 96.3 MB.

Unloading 21 unused Assets to reduce memory usage. Loaded Objects now: 2616.
Total: 2.623000 ms (FindLiveObjects: 0.212100 ms CreateObjectMapping: 0.073300 ms MarkObjects: 2.215300 ms  DeleteObjects: 0.121300 ms)

AssetImportParameters requested are different than current active one (requested -> active):
  custom:framework-win-MediaFoundation: 216162199b28c13a410421893ffa2e32 -> 
  custom:video-decoder-ogg-theora: a1e56fd34408186e4bbccfd4996cb3dc -> 
  custom:container-muxer-webm: aa71ff27fc2769a1b78a27578f13a17b -> 
  custom:container-demuxer-webm: 4f35f7cbe854078d1ac9338744f61a02 -> 
  custom:container-demuxer-ogg: 62fdf1f143b41e24485cea50d1cbac27 -> 
  custom:video-encoder-webm-vp8: eb34c28f22e8b96e1ab97ce403110664 -> 
  custom:video-codec-MediaFoundation-h265: 746d11721c4dcdbdad8f713fa42b33f4 -> 
  custom:video-decoder-webm-vp8: 9c59270c3fd7afecdb556c50c9e8de78 -> 
  custom:audio-decoder-ogg-vorbis: bf7c407c2cedff20999df2af8eb42d56 -> 
  custom:audio-encoder-webm-vorbis: bf7c407c2cedff20999df2af8eb42d56 -> 
========================================================================
Received Prepare
Registering precompiled user dll's ...
Registered in 0.006430 seconds.
Begin MonoManager ReloadAssembly
Native extension for WindowsStandalone target not found
Native extension for WebGL target not found
Refreshing native plugins compatible for Editor in 0.45 ms, found 3 plugins.
Preloading 0 native plugins for Editor in 0.00 ms.
Mono: successfully reloaded assembly
- Completed reload, in  1.145 seconds
Platform modules already initialized, skipping
Refreshing native plugins compatible for Editor in 0.47 ms, found 3 plugins.
Preloading 0 native plugins for Editor in 0.00 ms.
Unloading 2083 Unused Serialized files (Serialized files now loaded: 0)
System memory in use before: 96.3 MB.
System memory in use after: 96.3 MB.

Unloading 21 unused Assets to reduce memory usage. Loaded Objects now: 2620.
Total: 2.744300 ms (FindLiveObjects: 0.239700 ms CreateObjectMapping: 0.090700 ms MarkObjects: 2.288200 ms  DeleteObjects: 0.124500 ms)

AssetImportParameters requested are different than current active one (requested -> active):
  custom:framework-win-MediaFoundation: 216162199b28c13a410421893ffa2e32 -> 
  custom:video-decoder-ogg-theora: a1e56fd34408186e4bbccfd4996cb3dc -> 
  custom:container-muxer-webm: aa71ff27fc2769a1b78a27578f13a17b -> 
  custom:container-demuxer-webm: 4f35f7cbe854078d1ac9338744f61a02 -> 
  custom:container-demuxer-ogg: 62fdf1f143b41e24485cea50d1cbac27 -> 
  custom:video-encoder-webm-vp8: eb34c28f22e8b96e1ab97ce403110664 -> 
  custom:video-codec-MediaFoundation-h265: 746d11721c4dcdbdad8f713fa42b33f4 -> 
  custom:video-decoder-webm-vp8: 9c59270c3fd7afecdb556c50c9e8de78 -> 
  custom:audio-decoder-ogg-vorbis: bf7c407c2cedff20999df2af8eb42d56 -> 
  custom:audio-encoder-webm-vorbis: bf7c407c2cedff20999df2af8eb42d56 -> 
========================================================================
Received Prepare
Registering precompiled user dll's ...
Registered in 0.014892 seconds.
Begin MonoManager ReloadAssembly
Native extension for WindowsStandalone target not found
Native extension for WebGL target not found
Refreshing native plugins compatible for Editor in 1.09 ms, found 3 plugins.
Preloading 0 native plugins for Editor in 0.00 ms.
Mono: successfully reloaded assembly
- Completed reload, in  3.244 seconds
Platform modules already initialized, skipping
Refreshing native plugins compatible for Editor in 0.63 ms, found 3 plugins.
Preloading 0 native plugins for Editor in 0.00 ms.
Unloading 2083 Unused Serialized files (Serialized files now loaded: 0)
System memory in use before: 96.3 MB.
System memory in use after: 96.3 MB.

Unloading 21 unused Assets to reduce memory usage. Loaded Objects now: 2624.
Total: 3.228300 ms (FindLiveObjects: 0.312100 ms CreateObjectMapping: 0.120500 ms MarkObjects: 2.572100 ms  DeleteObjects: 0.222100 ms)

AssetImportParameters requested are different than current active one (requested -> active):
  custom:framework-win-MediaFoundation: 216162199b28c13a410421893ffa2e32 -> 
  custom:video-decoder-ogg-theora: a1e56fd34408186e4bbccfd4996cb3dc -> 
  custom:container-muxer-webm: aa71ff27fc2769a1b78a27578f13a17b -> 
  custom:container-demuxer-webm: 4f35f7cbe854078d1ac9338744f61a02 -> 
  custom:container-demuxer-ogg: 62fdf1f143b41e24485cea50d1cbac27 -> 
  custom:video-encoder-webm-vp8: eb34c28f22e8b96e1ab97ce403110664 -> 
  custom:video-codec-MediaFoundation-h265: 746d11721c4dcdbdad8f713fa42b33f4 -> 
  custom:video-decoder-webm-vp8: 9c59270c3fd7afecdb556c50c9e8de78 -> 
  custom:audio-decoder-ogg-vorbis: bf7c407c2cedff20999df2af8eb42d56 -> 
  custom:audio-encoder-webm-vorbis: bf7c407c2cedff20999df2af8eb42d56 -> 
